JWasm v2.11, Oct 20 2013
bldr.asm
                                ;include irvine16.inc
                                .model tiny
                                .386
                                .code
                                org 7c00h			; code here starts at offset 7c00h

00007C00                        main proc
00007C00  8CC8                  	mov ax, cs
00007C02  8ED0                  	mov ss, ax
<<<<<<< HEAD
00007C04  8ED8                  	mov ds, ax
                                	;mov dx, offset mystring
                                	;call print_string
00007C06  B402                  	mov ah, 02
00007C08  B500                  	mov ch, 0
00007C0A  B600                  	mov dh, 0
00007C0C  B200                  	mov dl, 0
00007C0E  B028                  	mov al, 40
00007C10  B80008                	mov ax, 0800h
00007C13  8EC0                  	mov es, ax
00007C15  BB0000                	mov bx, 0000h
                                	
00007C18  CD13                  	int 13h
                                	
00007C1A  7208                  	jc all_good
00007C1C  BA397C                	mov dx, offset errorstr
00007C1F  E82F00                	call print_string
00007C22  EB41                  	jmp Past_it_all
00007C24                        all_good:
                                	
00007C24  680008                	pushw 0800h
00007C27  6A00                  	pushw 0000h
00007C29  CB                    	retf
                                	
00007C2A  EB39                  	jmp Past_it_all

00007C2C                        main endp

00007C2C  426F6F74696E672E2E    mystring byte "Booting...", 0dh, 0ah, 0
00007C39  536F6D657468696E67    errorstr byte "Something went wrong...", 0

                                ; Function: Prints out a null-terminated string to the screen
                                ; Receives: bx register (which must hold "mystring" stored in memory)
                                ;  Returns: A null-terminated string displayed on the string
                                ; Requires: nothing
                                ; Clobbers: nothing
00007C51                        print_string proc	
00007C51  60                    	pusha
00007C52  8BDA                  	mov bx, dx
                                	
00007C54                        L1:							;Loop through each character of string	
00007C54  3C00                  	cmp al, 0 				;Check to see if character is null-terminator
00007C56  7502                  	jne outputString
00007C58  7409                  	je endloop
00007C5A                        outputString:
00007C5A  8A07                  	mov al, [bx]	
00007C5C  B40E                  	mov ah, 0eh				;output the character of the string
00007C5E  CD10                  	int 10h
00007C60  43                    	inc bx					;increment bx register to next character in string

00007C61  EBF1                  jmp L1

00007C63                        	endloop:
00007C63  61                    	popa
00007C64                        	ret
00007C65                        print_string endp

00007C65                        Past_it_all:
=======
00007C04  BC0000                	mov sp, 0
00007C07  8ED8                  	mov ds, ax
00007C09  BA357C                	mov dx, offset mystring
00007C0C  E83900                	call print_line
00007C0F  B402                  	mov ah, 02h
00007C11  B500                  	mov ch, 0
00007C13  B102                  	mov cl, 2
00007C15  B028                  	mov al, 40
                                	
00007C17  BA0000                	mov dx, 0000h
00007C1A  8EC2                  	mov es, dx
00007C1C  B600                  	mov dh, 0
00007C1E  B200                  	mov dl, 0
00007C20  BB0008                	mov bx, 0800h
                                	
00007C23  CD13                  	int 13h
                                	; if CF flag is set, print error
                                	
00007C25  7306                  	jnc happy
00007C27  BA427C                	mov dx, offset errmsg
00007C2A  E81B00                	call print_line
00007C2D                        happy:
                                	
00007C2D  680008                	pushw 0800h
00007C30  6A00                  	pushw 0000h
00007C32  CB                    	retf

00007C33                        main endp

00007C33  EB35                  jmp Past_it_all

00007C35  426F6F74696E672E2E    mystring byte "Booting...", 0dh, 0ah, 0
00007C42  4F6F70732100          errmsg byte "Oops!", 0

                                ; Function: Prints the ASCII string of a byte array, plus a newline (\r\n), to the screen in green via BIOS
                                ; Receives: DX
                                ; Requires: Nothing
                                ;  Returns: Nothing
                                ; Clobbers: Nothing
00007C48                        print_line proc
00007C48  60                    	pusha

00007C49  BE0000                	mov si, 0
00007C4C  8BDA                  	mov bx, dx

00007C4E                        	printloop:
00007C4E  8A00                  		mov al, [bx + si] ; put the next piece of the array into AL
00007C50  3C00                  		cmp al, 0
00007C52  740B                  		jz endprint
00007C54  B40E                  		mov ah, 0Eh   ; 0Eh in BIOS means print character 
00007C56  53                    		push bx
00007C57  B302                  		mov bl, 0010b ; Set foreground color to green
00007C59  CD10                  		int 10h		  ; BIOS interrupt
00007C5B  5B                    		pop bx
00007C5C  46                    		inc si
00007C5D  EBEF                  		jmp printloop
00007C5F                        	endprint:
00007C5F  B80D0E                		mov  ax, 0e0dh
00007C62  CD10                  		int  10h
00007C64  B00A                  		mov  al, 0ah
00007C66  CD10                  		int  10h
00007C68  61                    		popa
00007C69                        		ret
00007C6A                        print_line endp

00007C6A                        Past_it_all:
>>>>>>> 918e3cbe278468b667db195f80b4c19d720a571c
                                	
                                org main+510
00007DFE  55AA                  	byte 055h, 0aah
                                	
                                end main


Macros:

                N a m e                 Type

@CatStr  . . . . . . . . . . . .        Func
@Environ . . . . . . . . . . . .        Func
@InStr . . . . . . . . . . . . .        Func
@SizeStr . . . . . . . . . . . .        Func
@SubStr  . . . . . . . . . . . .        Func


Segments and Groups:

                N a m e                 Size     Length   Align   Combine Class

<<<<<<< HEAD
$$SYMBOLS  . . . . . . . . . . .        32 Bit   000000FD Byte    Private 'DEBSYM'
$$TYPES  . . . . . . . . . . . .        32 Bit   00000048 Byte    Private 'DEBTYP'
=======
>>>>>>> 918e3cbe278468b667db195f80b4c19d720a571c
DGROUP . . . . . . . . . . . . .        GROUP
_TEXT  . . . . . . . . . . . . .        16 Bit   7E00     Word    Public  'CODE'
_DATA  . . . . . . . . . . . . .        16 Bit   0000     Word    Public  'DATA'


Procedures, parameters and locals:

                N a m e                 Type     Value    Segment  Length

<<<<<<< HEAD
main . . . . . . . . . . . . . .        P Near   7C00     _TEXT    002C Private  
print_string . . . . . . . . . .        P Near   7C51     _TEXT    0014 Private  
=======
main . . . . . . . . . . . . . .        P Near   7C00     _TEXT    0033 Public   
  happy  . . . . . . . . . . . .        L Near   7C2D     _TEXT
print_line . . . . . . . . . . .        P Near   7C48     _TEXT    0022 Public   
  endprint . . . . . . . . . . .        L Near   7C5F     _TEXT
  printloop  . . . . . . . . . .        L Near   7C4E     _TEXT
>>>>>>> 918e3cbe278468b667db195f80b4c19d720a571c


Symbols:

                N a m e                 Type       Value     Attr

@CodeSize  . . . . . . . . . . .        Number             0h 
@DataSize  . . . . . . . . . . .        Number             0h 
@Interface . . . . . . . . . . .        Number             0h 
@Model . . . . . . . . . . . . .        Number             1h 
@code  . . . . . . . . . . . . .        Text   _TEXT
@data  . . . . . . . . . . . . .        Text   DGROUP
@stack . . . . . . . . . . . . .        Text   DGROUP
<<<<<<< HEAD
L1 . . . . . . . . . . . . . . .        L Near          7C54h _TEXT 
Past_it_all  . . . . . . . . . .        L Near          7C65h _TEXT 
all_good . . . . . . . . . . . .        L Near          7C24h _TEXT 
endloop  . . . . . . . . . . . .        L Near          7C63h _TEXT 
errorstr . . . . . . . . . . . .        Byte[24]        7C39h _TEXT 
mystring . . . . . . . . . . . .        Byte[13]        7C2Ch _TEXT 
outputString . . . . . . . . . .        L Near          7C5Ah _TEXT 

bldr.asm: 72 lines, 2 passes, 15 ms, 0 warnings, 0 errors
=======
Past_it_all  . . . . . . . . . .        L Near          7C6Ah _TEXT 
errmsg . . . . . . . . . . . . .        Byte[6]         7C42h _TEXT 
mystring . . . . . . . . . . . .        Byte[13]        7C35h _TEXT 

bldr.asm: 80 lines, 2 passes, 0 ms, 0 warnings, 0 errors
>>>>>>> 918e3cbe278468b667db195f80b4c19d720a571c
